
[09:07:07] - INFO - Loaded the complete CSV files.
[09:07:07] - INFO - Successfully applied transformations
[09:07:07] - INFO - Writing transformed data to database ...: {'index': <class 'sqlalchemy.sql.sqltypes.Integer'>, 'organization_id': <class 'sqlalchemy.sql.sqltypes.String'>, 'name': <class 'sqlalchemy.sql.sqltypes.String'>, 'website': <class 'sqlalchemy.sql.sqltypes.String'>, 'country': <class 'sqlalchemy.sql.sqltypes.String'>, 'description': <class 'sqlalchemy.sql.sqltypes.String'>, 'founded': <class 'sqlalchemy.sql.sqltypes.Integer'>, 'industry': <class 'sqlalchemy.sql.sqltypes.String'>, 'number_of_employees': <class 'sqlalchemy.sql.sqltypes.Integer'>, 'maturity_level': <class 'sqlalchemy.sql.sqltypes.String'>, 'organization_size': <class 'sqlalchemy.sql.sqltypes.String'>}
[09:07:07] - INFO - Data written to database
[19:09:53] - INFO - Loaded the complete CSV files.
[19:09:53] - INFO - Successfully applied transformations
[19:09:53] - INFO - Writing transformed data to database ...: {'index': <class 'sqlalchemy.sql.sqltypes.Integer'>, 'organization_id': <class 'sqlalchemy.sql.sqltypes.String'>, 'name': <class 'sqlalchemy.sql.sqltypes.String'>, 'website': <class 'sqlalchemy.sql.sqltypes.String'>, 'country': <class 'sqlalchemy.sql.sqltypes.String'>, 'description': <class 'sqlalchemy.sql.sqltypes.String'>, 'founded': <class 'sqlalchemy.sql.sqltypes.Integer'>, 'industry': <class 'sqlalchemy.sql.sqltypes.String'>, 'number_of_employees': <class 'sqlalchemy.sql.sqltypes.Integer'>, 'maturity_level': <class 'sqlalchemy.sql.sqltypes.String'>, 'organization_size': <class 'sqlalchemy.sql.sqltypes.String'>}
[19:09:53] - INFO - Data written to database
[19:33:50] - INFO - Loaded the complete CSV files.
[19:33:50] - INFO - Successfully applied transformations
[19:33:50] - INFO - Writing transformed data to database ...: {'index': <class 'sqlalchemy.sql.sqltypes.Integer'>, 'organization_id': <class 'sqlalchemy.sql.sqltypes.String'>, 'name': <class 'sqlalchemy.sql.sqltypes.String'>, 'website': <class 'sqlalchemy.sql.sqltypes.String'>, 'country': <class 'sqlalchemy.sql.sqltypes.String'>, 'description': <class 'sqlalchemy.sql.sqltypes.String'>, 'founded': <class 'sqlalchemy.sql.sqltypes.Integer'>, 'industry': <class 'sqlalchemy.sql.sqltypes.String'>, 'number_of_employees': <class 'sqlalchemy.sql.sqltypes.Integer'>, 'maturity_level': <class 'sqlalchemy.sql.sqltypes.String'>, 'organization_size': <class 'sqlalchemy.sql.sqltypes.String'>}
[19:33:50] - INFO - Data written to database
[08/15/2024 19:42:02] - INFO - Loaded the complete CSV files.
[08/15/2024 19:42:02] - INFO - Successfully applied transformations
[08/15/2024 19:42:02] - INFO - Writing transformed data to database ...: {'index': <class 'sqlalchemy.sql.sqltypes.Integer'>, 'organization_id': <class 'sqlalchemy.sql.sqltypes.String'>, 'name': <class 'sqlalchemy.sql.sqltypes.String'>, 'website': <class 'sqlalchemy.sql.sqltypes.String'>, 'country': <class 'sqlalchemy.sql.sqltypes.String'>, 'description': <class 'sqlalchemy.sql.sqltypes.String'>, 'founded': <class 'sqlalchemy.sql.sqltypes.Integer'>, 'industry': <class 'sqlalchemy.sql.sqltypes.String'>, 'number_of_employees': <class 'sqlalchemy.sql.sqltypes.Integer'>, 'maturity_level': <class 'sqlalchemy.sql.sqltypes.String'>, 'organization_size': <class 'sqlalchemy.sql.sqltypes.String'>}
[08/15/2024 19:42:02] - INFO - Data written to database
[08/15/2024 20:18:48] - INFO - Loaded the complete CSV files.
[08/15/2024 20:18:48] - INFO - Successfully applied transformations
[08/15/2024 20:18:48] - INFO - Writing transformed data to database ...: {'index': <class 'sqlalchemy.sql.sqltypes.Integer'>, 'organization_id': <class 'sqlalchemy.sql.sqltypes.String'>, 'name': <class 'sqlalchemy.sql.sqltypes.String'>, 'website': <class 'sqlalchemy.sql.sqltypes.String'>, 'country': <class 'sqlalchemy.sql.sqltypes.String'>, 'description': <class 'sqlalchemy.sql.sqltypes.String'>, 'founded': <class 'sqlalchemy.sql.sqltypes.Integer'>, 'industry': <class 'sqlalchemy.sql.sqltypes.String'>, 'number_of_employees': <class 'sqlalchemy.sql.sqltypes.Integer'>, 'maturity_level': <class 'sqlalchemy.sql.sqltypes.String'>, 'organization_size': <class 'sqlalchemy.sql.sqltypes.String'>}
[08/15/2024 20:18:48] - INFO - Data written to database
[08/15/2024 20:46:22] - INFO - Loaded the complete CSV files.
[08/15/2024 20:46:22] - INFO - Successfully applied transformations
[08/15/2024 20:46:22] - INFO - Writing transformed data to database ...: {'index': <class 'sqlalchemy.sql.sqltypes.Integer'>, 'organization_id': <class 'sqlalchemy.sql.sqltypes.String'>, 'name': <class 'sqlalchemy.sql.sqltypes.String'>, 'website': <class 'sqlalchemy.sql.sqltypes.String'>, 'country': <class 'sqlalchemy.sql.sqltypes.String'>, 'description': <class 'sqlalchemy.sql.sqltypes.String'>, 'founded': <class 'sqlalchemy.sql.sqltypes.Integer'>, 'industry': <class 'sqlalchemy.sql.sqltypes.String'>, 'number_of_employees': <class 'sqlalchemy.sql.sqltypes.Integer'>, 'maturity_level': <class 'sqlalchemy.sql.sqltypes.String'>, 'organization_size': <class 'sqlalchemy.sql.sqltypes.String'>}
[08/15/2024 20:46:22] - INFO - Data written to database
[08/15/2024 21:04:14] - INFO - Loaded the complete CSV files.
[08/15/2024 21:04:14] - INFO - Successfully applied transformations
[08/15/2024 21:04:14] - INFO - Writing transformed data to database ...: {'index': <class 'sqlalchemy.sql.sqltypes.Integer'>, 'organization_id': <class 'sqlalchemy.sql.sqltypes.String'>, 'name': <class 'sqlalchemy.sql.sqltypes.String'>, 'website': <class 'sqlalchemy.sql.sqltypes.String'>, 'country': <class 'sqlalchemy.sql.sqltypes.String'>, 'description': <class 'sqlalchemy.sql.sqltypes.String'>, 'founded': <class 'sqlalchemy.sql.sqltypes.Integer'>, 'industry': <class 'sqlalchemy.sql.sqltypes.String'>, 'number_of_employees': <class 'sqlalchemy.sql.sqltypes.Integer'>, 'maturity_level': <class 'sqlalchemy.sql.sqltypes.String'>, 'organization_size': <class 'sqlalchemy.sql.sqltypes.String'>}
[08/15/2024 21:04:15] - INFO - Data written to database
[08/15/2024 21:08:03] - INFO - Loaded the complete CSV files.
[08/15/2024 21:08:03] - INFO - Successfully applied transformations
[08/15/2024 21:08:03] - INFO - Writing transformed data to database ...: {'index': <class 'sqlalchemy.sql.sqltypes.Integer'>, 'organization_id': <class 'sqlalchemy.sql.sqltypes.String'>, 'name': <class 'sqlalchemy.sql.sqltypes.String'>, 'website': <class 'sqlalchemy.sql.sqltypes.String'>, 'country': <class 'sqlalchemy.sql.sqltypes.String'>, 'description': <class 'sqlalchemy.sql.sqltypes.String'>, 'founded': <class 'sqlalchemy.sql.sqltypes.Integer'>, 'industry': <class 'sqlalchemy.sql.sqltypes.String'>, 'number_of_employees': <class 'sqlalchemy.sql.sqltypes.Integer'>, 'maturity_level': <class 'sqlalchemy.sql.sqltypes.String'>, 'organization_size': <class 'sqlalchemy.sql.sqltypes.String'>}
[08/15/2024 21:08:03] - INFO - Data written to database
